1501507999665	geckodriver	INFO	Listening on 127.0.0.1:57067
1501508001739	geckodriver::marionette	INFO	Starting browser F:\Mozilla Firefox\firefox.exe with args ["-marionette"]
[GFX1]: Potential driver version mismatch ignored due to missing DLLs igd10umd32 v= and igd10iumd32.dll v=0.0.0.0
1501508006050	Marionette	INFO	Listening on port 57074
1501508006988	Marionette	WARN	TLS certificate errors will be ignored for this session
1501508424134	Marionette	INFO	Ceased listening
AA54nxGko9WTAnF6hhy/su?wd=u&json=1&p=3&sid=1446_21110_22074&req=2&csor=1&cb=jQuery110203960063897424331_1501507993281&_=1501507993283, line 1: TypeError: jQuery110203960063897424331_1501507993281 is not a function
JavaScript error: https://sp0.baidu.com/5a1Fazu8AA54nxGko9WTAnF6hhy/su?wd=unittes&json=1&p=3&sid=1446_21110_22074&req=2&csor=7&pwd=unitte&cb=jQuery110203960063897424331_1501507993281&_=1501507993289, line 1: TypeError: jQuery110203960063897424331_1501507993281 is not a function
JavaScript error: https://sp0.baidu.com/5a1Fazu8AA54nxGko9WTAnF6hhy/su?wd=un&json=1&p=3&sid=1446_21110_22074&req=2&csor=2&pwd=u&cb=jQuery110203960063897424331_1501507993281&_=1501507993284, line 1: TypeError: jQuery110203960063897424331_1501507993281 is not a function
JavaScript error: https://sp0.baidu.com/5a1Fazu8AA54nxGko9WTAnF6hhy/su?wd=uni&json=1&p=3&sid=1446_21110_22074&req=2&csor=3&pwd=un&cb=jQuery110203960063897424331_1501507993281&_=1501507993285, line 1: TypeError: jQuery110203960063897424331_1501507993281 is not a function
JavaScript error: https://sp0.baidu.com/5a1Fazu8AA54nxGko9WTAnF6hhy/su?wd=unitt&json=1&p=3&sid=1446_21110_22074&req=2&csor=5&pwd=unit&cb=jQuery110203960063897424331_1501507993281&_=1501507993287, line 1: TypeError: jQuery110203960063897424331_1501507993281 is not a function
JavaScript error: https://sp0.baidu.com/5a1Fazu8AA54nxGko9WTAnF6hhy/su?wd=unit&json=1&p=3&sid=1446_21110_22074&req=2&csor=4&pwd=uni&cb=jQuery110203960063897424331_1501507993281&_=1501507993286, line 1: TypeError: jQuery110203960063897424331_1501507993281 is not a function
JavaScript error: https://sp0.baidu.com/5a1Fazu8AA54nxGko9WTAnF6hhy/su?wd=unitte&json=1&p=3&sid=1446_21110_22074&req=2&csor=6&pwd=unitt&cb=jQuery110203960063897424331_1501507993281&_=1501507993288, line 1: TypeError: jQuery110203960063897424331_1501507993281 is not a function
JavaScript error: https://sp0.baidu.com/5a1Fazu8AA54nxGko9WTAnF6hhy/su?wd=unittest&json=1&p=3&sid=1446_21110_22074&req=2&csor=8&pwd=unittes&cb=jQuery110203960063897424331_1501507993281&_=1501507993290, line 1: TypeError: jQuery110203960063897424331_1501507993281 is not a function
1501508424676	Marionette	INFO	Ceased listening
1501507894279	Marionette	INFO	Ceased listening
501507170083 is not a function
1501507790802	Marionette	INFO	Ceased listening
ttempting to fetch resource.
Full stack: 
*************************
1501507781196	Marionette	INFO	Ceased listening
zmail/zh_CN/htmledition/js_biz/compose35a4c2.js, line 5310: unreachable code after return statement
JavaScript warning: http://mail.dianbaobao.com/cgi-bin/setting1?sid=9TR0KxTo_i1UvQ5X,2&fun=list&loc=frame_html,,,3#stattime=1501167307568, line 299: unreachable code after return statement
JavaScript warning: http://mail.dianbaobao.com/cgi-bin/setting4?t=setting_mailclient&fun=list&sid=9TR0KxTo_i1UvQ5X,2, line 120: unreachable code after return statement
JavaScript warning: http://mail.dianbaobao.com/cgi-bin/setting4?t=setting_mailclient&fun=list&sid=9TR0KxTo_i1UvQ5X,2, line 120: unreachable code after return statement
1501168771964	Marionette	INFO	Ceased listening
